<?xml version="1.0" encoding="UTF-8"?>
<testng-results ignored="0" total="1" passed="0" failed="1" skipped="0">
  <reporter-output>
    <line>
      <![CDATA[test is pass]]>
    </line>
  </reporter-output>
  <suite started-at="2022-11-16T11:14:03 IST" name="Default suite" finished-at="2022-11-16T11:14:53 IST" duration-ms="50151">
    <groups>
    </groups>
    <test started-at="2022-11-16T11:14:03 IST" name="Default test" finished-at="2022-11-16T11:14:53 IST" duration-ms="50151">
      <class name="pushpaMovieDetails.pushpaMovieDateAndCountryTest">
        <test-method is-config="true" signature="launchTheBrowser()[pri:0, instance:pushpaMovieDetails.pushpaMovieDateAndCountryTest@273e7444]" started-at="2022-11-16T11:14:03 IST" name="launchTheBrowser" finished-at="2022-11-16T11:14:24 IST" duration-ms="20764" status="PASS">
          <reporter-output>
          </reporter-output>
        </test-method> <!-- launchTheBrowser -->
        <test-method signature="PushpaMovieDateAndCountryTest()[pri:0, instance:pushpaMovieDetails.pushpaMovieDateAndCountryTest@273e7444]" started-at="2022-11-16T11:14:24 IST" name="PushpaMovieDateAndCountryTest" finished-at="2022-11-16T11:14:53 IST" duration-ms="28840" status="FAIL">
          <exception class="java.lang.AssertionError">
            <message>
              <![CDATA[The following asserts failed:
expected [17 December 2021] but found [December 17, 2021 (United States)]]]>
            </message>
            <full-stacktrace>
              <![CDATA[java.lang.AssertionError: The following asserts failed:
expected [17 December 2021] but found [December 17, 2021 (United States)]
at org.testng.asserts.SoftAssert.assertAll(SoftAssert.java:47)
at org.testng.asserts.SoftAssert.assertAll(SoftAssert.java:31)
at pushpaMovieDetails.pushpaMovieDateAndCountryTest.PushpaMovieDateAndCountryTest(pushpaMovieDateAndCountryTest.java:61)
at java.base/jdk.internal.reflect.NativeMethodAccessorImpl.invoke0(Native Method)
at java.base/jdk.internal.reflect.NativeMethodAccessorImpl.invoke(NativeMethodAccessorImpl.java:78)
at java.base/jdk.internal.reflect.DelegatingMethodAccessorImpl.invoke(DelegatingMethodAccessorImpl.java:43)
at java.base/java.lang.reflect.Method.invoke(Method.java:567)
at org.testng.internal.MethodInvocationHelper.invokeMethod(MethodInvocationHelper.java:133)
at org.testng.internal.TestInvoker.invokeMethod(TestInvoker.java:598)
at org.testng.internal.TestInvoker.invokeTestMethod(TestInvoker.java:173)
at org.testng.internal.MethodRunner.runInSequence(MethodRunner.java:46)
at org.testng.internal.TestInvoker$MethodInvocationAgent.invoke(TestInvoker.java:824)
at org.testng.internal.TestInvoker.invokeTestMethods(TestInvoker.java:146)
at org.testng.internal.TestMethodWorker.invokeTestMethods(TestMethodWorker.java:146)
at org.testng.internal.TestMethodWorker.run(TestMethodWorker.java:128)
at java.base/java.util.ArrayList.forEach(ArrayList.java:1511)
at org.testng.TestRunner.privateRun(TestRunner.java:794)
at org.testng.TestRunner.run(TestRunner.java:596)
at org.testng.SuiteRunner.runTest(SuiteRunner.java:377)
at org.testng.SuiteRunner.runSequentially(SuiteRunner.java:371)
at org.testng.SuiteRunner.privateRun(SuiteRunner.java:332)
at org.testng.SuiteRunner.run(SuiteRunner.java:276)
at org.testng.SuiteRunnerWorker.runSuite(SuiteRunnerWorker.java:53)
at org.testng.SuiteRunnerWorker.run(SuiteRunnerWorker.java:96)
at org.testng.TestNG.runSuitesSequentially(TestNG.java:1212)
at org.testng.TestNG.runSuitesLocally(TestNG.java:1134)
at org.testng.TestNG.runSuites(TestNG.java:1063)
at org.testng.TestNG.run(TestNG.java:1031)
at org.testng.remote.AbstractRemoteTestNG.run(AbstractRemoteTestNG.java:115)
at org.testng.remote.RemoteTestNG.initAndRun(RemoteTestNG.java:251)
at org.testng.remote.RemoteTestNG.main(RemoteTestNG.java:77)
]]>
            </full-stacktrace>
          </exception> <!-- java.lang.AssertionError -->
          <reporter-output>
            <line>
              <![CDATA[test is pass]]>
            </line>
          </reporter-output>
        </test-method> <!-- PushpaMovieDateAndCountryTest -->
        <test-method is-config="true" signature="closeBrowser()[pri:0, instance:pushpaMovieDetails.pushpaMovieDateAndCountryTest@273e7444]" started-at="2022-11-16T11:14:53 IST" name="closeBrowser" finished-at="2022-11-16T11:14:53 IST" duration-ms="456" status="PASS">
          <reporter-output>
          </reporter-output>
        </test-method> <!-- closeBrowser -->
      </class> <!-- pushpaMovieDetails.pushpaMovieDateAndCountryTest -->
    </test> <!-- Default test -->
  </suite> <!-- Default suite -->
</testng-results>
